<?xml version="1.0" encoding="UTF-8"?>
<!-- Generated by org.testng.reporters.JUnitReportReporter -->
<testsuite hostname="DESKTOP-T9G15NC" failures="0" tests="1" name="com.automationExercise.testCases.TC_RegisterWhileCheckoutTest_014" time="71.255" errors="0" timestamp="2023-07-28T14:46:59 IST" skipped="0">
  <testcase classname="com.automationExercise.testCases.TC_RegisterWhileCheckoutTest_014" name="verifyRegisterWhileCheckout" time="71.255"/>
  <system-out/>
</testsuite> <!-- com.automationExercise.testCases.TC_RegisterWhileCheckoutTest_014 -->
