<?xml version="1.0" encoding="UTF-8"?>
<!-- Generated by org.testng.reporters.JUnitReportReporter -->
<testsuite hostname="DESKTOP-T9G15NC" failures="0" tests="1" name="com.automationExercise.testCases.TC_RcommendedProductToCartTest_022" time="13.303" errors="0" timestamp="2023-07-28T13:33:19 IST" skipped="0">
  <testcase classname="com.automationExercise.testCases.TC_RcommendedProductToCartTest_022" name="verifyTC_RcommendedProductToCart" time="13.303"/>
  <system-out/>
</testsuite> <!-- com.automationExercise.testCases.TC_RcommendedProductToCartTest_022 -->
