<?xml version="1.0" encoding="UTF-8"?>
<!-- Generated by org.testng.reporters.JUnitReportReporter -->
<testsuite hostname="DESKTOP-T9G15NC" failures="0" tests="4" name="com.automationExercise.testCases.TC_RegisteredEmailTest_004" time="9.237" errors="0" timestamp="2023-07-15T17:43:55 IST" skipped="0">
  <testcase classname="com.automationExercise.testCases.TC_RegisteredEmailTest_004" name="verifyHomePage" time="3.421"/>
  <system-out/>
  <testcase classname="com.automationExercise.testCases.TC_RegisteredEmailTest_004" name="verifySignUp" time="0.257"/>
  <system-out/>
  <testcase classname="com.automationExercise.testCases.TC_RegisteredEmailTest_004" name="setSignupData" time="5.353"/>
  <system-out/>
  <testcase classname="com.automationExercise.testCases.TC_RegisteredEmailTest_004" name="verifyEmailExistMsg" time="0.206"/>
  <system-out/>
</testsuite> <!-- com.automationExercise.testCases.TC_RegisteredEmailTest_004 -->
