<?xml version="1.0" encoding="UTF-8"?>
<!-- Generated by org.testng.reporters.JUnitReportReporter -->
<testsuite hostname="DESKTOP-T9G15NC" failures="0" tests="1" name="com.automationExercise.testCases.TC_LogOutTest_004" time="32.442" errors="0" timestamp="2023-07-25T17:22:44 IST" skipped="0">
  <testcase classname="com.automationExercise.testCases.TC_LogOutTest_004" name="verifyLogout" time="32.442"/>
  <system-out/>
</testsuite> <!-- com.automationExercise.testCases.TC_LogOutTest_004 -->
