<?xml version="1.0" encoding="UTF-8"?>
<!-- Generated by org.testng.reporters.JUnitReportReporter -->
<testsuite hostname="DESKTOP-T9G15NC" failures="0" tests="1" name="com.automationExercise.testCases.TC_DownloadPurchaseInvoiceTest_024" time="71.430" errors="0" timestamp="2023-08-02T17:18:54 IST" skipped="0">
  <testcase classname="com.automationExercise.testCases.TC_DownloadPurchaseInvoiceTest_024" name="verifyDownloadPurchaseInvoice" time="71.430"/>
  <system-out/>
</testsuite> <!-- com.automationExercise.testCases.TC_DownloadPurchaseInvoiceTest_024 -->
