<?xml version="1.0" encoding="UTF-8"?>
<!-- Generated by org.testng.reporters.JUnitReportReporter -->
<testsuite hostname="DESKTOP-T9G15NC" failures="0" tests="1" name="com.automationExercise.testCases.TC_ViewBrandsTest_019" time="24.302" errors="0" timestamp="2023-07-27T11:37:33 IST" skipped="0">
  <testcase classname="com.automationExercise.testCases.TC_ViewBrandsTest_019" name="verifyViewBrands" time="24.302"/>
  <system-out/>
</testsuite> <!-- com.automationExercise.testCases.TC_ViewBrandsTest_019 -->
