<?xml version="1.0" encoding="UTF-8"?>
<!-- Generated by org.testng.reporters.JUnitReportReporter -->
<testsuite hostname="DESKTOP-T9G15NC" failures="0" tests="1" name="com.automationExercise.testCases.TC_AddProductsCartTest_012" time="27.583" errors="0" timestamp="2023-07-24T16:20:06 IST" skipped="0">
  <testcase classname="com.automationExercise.testCases.TC_AddProductsCartTest_012" name="verifyAddProductINCart" time="27.583"/>
  <system-out/>
</testsuite> <!-- com.automationExercise.testCases.TC_AddProductsCartTest_012 -->
