<?xml version="1.0" encoding="UTF-8"?>
<!-- Generated by org.testng.reporters.JUnitReportReporter -->
<testsuite hostname="DESKTOP-T9G15NC" failures="0" tests="1" name="com.automationExercise.testCases.TC_ProductQtyInCartTest_013" time="28.436" errors="0" timestamp="2023-07-25T18:50:51 IST" skipped="0">
  <testcase classname="com.automationExercise.testCases.TC_ProductQtyInCartTest_013" name="verifyProductQtyInCart" time="28.436"/>
  <system-out/>
</testsuite> <!-- com.automationExercise.testCases.TC_ProductQtyInCartTest_013 -->
