<?xml version="1.0" encoding="UTF-8"?>
<!-- Generated by org.testng.reporters.JUnitReportReporter -->
<testsuite hostname="DESKTOP-T9G15NC" failures="0" tests="1" name="com.automationExercise.testCases.TC_Cart_SubscriptionTest_011" time="4.228" errors="0" timestamp="2023-07-25T18:17:43 IST" skipped="0">
  <testcase classname="com.automationExercise.testCases.TC_Cart_SubscriptionTest_011" name="verifyCartSubscription" time="4.228"/>
  <system-out/>
</testsuite> <!-- com.automationExercise.testCases.TC_Cart_SubscriptionTest_011 -->
