<?xml version="1.0" encoding="UTF-8"?>
<!-- Generated by org.testng.reporters.JUnitReportReporter -->
<testsuite hostname="DESKTOP-T9G15NC" failures="0" tests="1" name="com.automationExercise.testCases.TC_ContactUsTest_006" time="23.756" errors="0" timestamp="2023-07-25T17:47:03 IST" skipped="0">
  <testcase classname="com.automationExercise.testCases.TC_ContactUsTest_006" name="verifyContactUs" time="23.756"/>
  <system-out/>
</testsuite> <!-- com.automationExercise.testCases.TC_ContactUsTest_006 -->
