<?xml version="1.0" encoding="UTF-8"?>
<!-- Generated by org.testng.reporters.JUnitReportReporter -->
<testsuite hostname="DESKTOP-T9G15NC" failures="0" tests="1" name="com.automationExercise.testCases.TC_ScrollWithoutArrowKeyTest_026" time="1.916" errors="0" timestamp="2023-08-02T17:18:54 IST" skipped="0">
  <testcase classname="com.automationExercise.testCases.TC_ScrollWithoutArrowKeyTest_026" name="verifyScrollWithoutArrowKey" time="1.916"/>
  <system-out/>
</testsuite> <!-- com.automationExercise.testCases.TC_ScrollWithoutArrowKeyTest_026 -->
