<?xml version="1.0" encoding="UTF-8"?>
<!-- Generated by org.testng.reporters.JUnitReportReporter -->
<testsuite hostname="DESKTOP-T9G15NC" failures="0" tests="1" name="com.automationExercise.testCases.TC_ProductPageTest_008" time="14.113" errors="0" timestamp="2023-07-25T17:59:46 IST" skipped="0">
  <testcase classname="com.automationExercise.testCases.TC_ProductPageTest_008" name="verifyProductPage" time="14.113"/>
  <system-out/>
</testsuite> <!-- com.automationExercise.testCases.TC_ProductPageTest_008 -->
