<?xml version="1.0" encoding="UTF-8"?>
<!-- Generated by org.testng.reporters.JUnitReportReporter -->
<testsuite hostname="DESKTOP-T9G15NC" failures="0" tests="1" name="com.automationExercise.testCases.TC_LoginTest_002" time="19.856" errors="0" timestamp="2023-07-25T17:14:13 IST" skipped="0">
  <testcase classname="com.automationExercise.testCases.TC_LoginTest_002" name="verifyLogin" time="19.856"/>
  <system-out/>
</testsuite> <!-- com.automationExercise.testCases.TC_LoginTest_002 -->
