<?xml version="1.0" encoding="UTF-8"?>
<!-- Generated by org.testng.reporters.JUnitReportReporter -->
<testsuite hostname="DESKTOP-T9G15NC" failures="0" tests="1" name="com.automationExercise.testCases.TC_RemoveProductsFromCartTest_017" time="26.494" errors="0" timestamp="2023-07-28T15:25:47 IST" skipped="0">
  <testcase classname="com.automationExercise.testCases.TC_RemoveProductsFromCartTest_017" name="verifyRemoveProductsFromCart" time="26.494"/>
  <system-out/>
</testsuite> <!-- com.automationExercise.testCases.TC_RemoveProductsFromCartTest_017 -->
