<?xml version="1.0" encoding="UTF-8"?>
<!-- Generated by org.testng.reporters.JUnitReportReporter -->
<testsuite hostname="DESKTOP-T9G15NC" failures="0" tests="1" name="com.automationExercise.testCases.TC_AddressInCheckoutTest_023" time="58.433" errors="0" timestamp="2023-07-28T16:12:20 IST" skipped="0">
  <testcase classname="com.automationExercise.testCases.TC_AddressInCheckoutTest_023" name="verifyAddressInCheckout" time="58.433"/>
  <system-out/>
</testsuite> <!-- com.automationExercise.testCases.TC_AddressInCheckoutTest_023 -->
