<?xml version="1.0" encoding="UTF-8"?>
<!-- Generated by org.testng.reporters.JUnitReportReporter -->
<testsuite hostname="DESKTOP-T9G15NC" failures="0" tests="1" name="com.automationExercise.testCases.TC_000_HomePageTest" time="3.211" errors="0" timestamp="2023-08-09T16:55:49 IST" skipped="0">
  <testcase classname="com.automationExercise.testCases.TC_000_HomePageTest" name="verifyHomePage" time="3.211"/>
  <system-out/>
</testsuite> <!-- com.automationExercise.testCases.TC_000_HomePageTest -->
