<?xml version="1.0" encoding="UTF-8"?>
<!-- Generated by org.testng.reporters.JUnitReportReporter -->
<testsuite hostname="DESKTOP-T9G15NC" failures="0" tests="1" name="com.automationExercise.testCases.TC_RegisteredEmailTest_005" time="7.779" errors="0" timestamp="2023-07-25T17:29:15 IST" skipped="0">
  <testcase classname="com.automationExercise.testCases.TC_RegisteredEmailTest_005" name="verifyRegisteredEmail" time="7.779"/>
  <system-out/>
</testsuite> <!-- com.automationExercise.testCases.TC_RegisteredEmailTest_005 -->
