<?xml version="1.0" encoding="UTF-8"?>
<!-- Generated by org.testng.reporters.JUnitReportReporter -->
<testsuite hostname="DESKTOP-T9G15NC" failures="0" tests="1" name="com.automationExercise.testCases.TC_HomePageTest_000" time="2.289" errors="0" timestamp="2023-08-03T11:28:11 IST" skipped="0">
  <testcase classname="com.automationExercise.testCases.TC_HomePageTest_000" name="verifyHomePage" time="2.289"/>
  <system-out/>
</testsuite> <!-- com.automationExercise.testCases.TC_HomePageTest_000 -->
