<?xml version="1.0" encoding="UTF-8"?>
<!-- Generated by org.testng.reporters.JUnitReportReporter -->
<testsuite hostname="DESKTOP-T9G15NC" failures="0" tests="5" name="com.automationExercise.testCases.TC_InvalidLoginTest_003" time="69.005" errors="0" timestamp="2023-08-01T13:32:11 IST" skipped="0">
  <testcase classname="com.automationExercise.testCases.TC_InvalidLoginTest_003" name="verifyInvalidLogin" time="14.423"/>
  <system-out/>
  <testcase classname="com.automationExercise.testCases.TC_InvalidLoginTest_003" name="verifyInvalidLogin" time="13.801"/>
  <system-out/>
  <testcase classname="com.automationExercise.testCases.TC_InvalidLoginTest_003" name="verifyInvalidLogin" time="14.416"/>
  <system-out/>
  <testcase classname="com.automationExercise.testCases.TC_InvalidLoginTest_003" name="verifyInvalidLogin" time="9.008"/>
  <system-out/>
  <testcase classname="com.automationExercise.testCases.TC_InvalidLoginTest_003" name="verifyInvalidLogin" time="17.357"/>
  <system-out/>
</testsuite> <!-- com.automationExercise.testCases.TC_InvalidLoginTest_003 -->
