<?xml version="1.0" encoding="UTF-8"?>
<!-- Generated by org.testng.reporters.JUnitReportReporter -->
<testsuite hostname="DESKTOP-T9G15NC" failures="0" tests="1" name="com.automationExercise.testCases.TC_RegisterBeforeCheckoutTest_015" time="67.192" errors="0" timestamp="2023-07-28T15:09:27 IST" skipped="0">
  <testcase classname="com.automationExercise.testCases.TC_RegisterBeforeCheckoutTest_015" name="verifyRegisterBeforeCheckout" time="67.192"/>
  <system-out/>
</testsuite> <!-- com.automationExercise.testCases.TC_RegisterBeforeCheckoutTest_015 -->
