<?xml version="1.0" encoding="UTF-8"?>
<!-- Generated by org.testng.reporters.JUnitReportReporter -->
<testsuite hostname="DESKTOP-T9G15NC" failures="0" tests="1" name="com.automationExercise.testCases.TC_ReviewOnProductTest_021" time="24.768" errors="0" timestamp="2023-07-27T16:24:39 IST" skipped="0">
  <testcase classname="com.automationExercise.testCases.TC_ReviewOnProductTest_021" name="verifyReviewOnProduct" time="24.768"/>
  <system-out/>
</testsuite> <!-- com.automationExercise.testCases.TC_ReviewOnProductTest_021 -->
