<?xml version="1.0" encoding="UTF-8"?>
<!-- Generated by org.testng.reporters.JUnitReportReporter -->
<testsuite hostname="DESKTOP-T9G15NC" failures="0" tests="1" name="com.automationExercise.testCases.TC_RegisterUserTest_001" time="41.042" errors="0" timestamp="2023-07-25T17:11:35 IST" skipped="0">
  <testcase classname="com.automationExercise.testCases.TC_RegisterUserTest_001" name="verifyRegisterPage" time="41.042"/>
  <system-out/>
</testsuite> <!-- com.automationExercise.testCases.TC_RegisterUserTest_001 -->
