<?xml version="1.0" encoding="UTF-8"?>
<!-- Generated by org.testng.reporters.JUnitReportReporter -->
<testsuite hostname="DESKTOP-T9G15NC" failures="0" tests="1" name="com.automationExercise.testCases.TC_SearchProductNVerifyCartAfterLoginTest_020" time="77.109" errors="0" timestamp="2023-07-27T15:09:04 IST" skipped="0">
  <testcase classname="com.automationExercise.testCases.TC_SearchProductNVerifyCartAfterLoginTest_020" name="verifySearchProductNVerifyCartAfterLogin" time="77.109"/>
  <system-out/>
</testsuite> <!-- com.automationExercise.testCases.TC_SearchProductNVerifyCartAfterLoginTest_020 -->
