<?xml version="1.0" encoding="UTF-8"?>
<!-- Generated by org.testng.reporters.JUnitReportReporter -->
<testsuite hostname="DESKTOP-T9G15NC" failures="0" tests="1" name="com.automationExercise.testCases.TC_CategoryProductsTest_018" time="16.849" errors="0" timestamp="2023-07-26T16:34:36 IST" skipped="0">
  <testcase classname="com.automationExercise.testCases.TC_CategoryProductsTest_018" name="verifyCategoryProducts" time="16.849"/>
  <system-out/>
</testsuite> <!-- com.automationExercise.testCases.TC_CategoryProductsTest_018 -->
