<?xml version="1.0" encoding="UTF-8"?>
<!-- Generated by org.testng.reporters.JUnitReportReporter -->
<testsuite hostname="DESKTOP-T9G15NC" failures="0" tests="1" name="com.automationExercise.testCases.TC_RegisterUser_001" time="49.260" errors="0" timestamp="2023-07-21T14:45:06 IST" skipped="0">
  <testcase classname="com.automationExercise.testCases.TC_RegisterUser_001" name="verifyRegisterPage" time="49.260"/>
  <system-out/>
</testsuite> <!-- com.automationExercise.testCases.TC_RegisterUser_001 -->
