<?xml version="1.0" encoding="UTF-8"?>
<!-- Generated by org.testng.reporters.JUnitReportReporter -->
<testsuite hostname="DESKTOP-T9G15NC" failures="0" tests="1" name="com.automationExercise.testCases.TC_SubscriptionTest_010" time="4.058" errors="0" timestamp="2023-07-25T18:13:28 IST" skipped="0">
  <testcase classname="com.automationExercise.testCases.TC_SubscriptionTest_010" name="verifySubscriptionHome" time="4.058"/>
  <system-out/>
</testsuite> <!-- com.automationExercise.testCases.TC_SubscriptionTest_010 -->
