<?xml version="1.0" encoding="UTF-8"?>
<!-- Generated by org.testng.reporters.JUnitReportReporter -->
<testsuite hostname="DESKTOP-T9G15NC" failures="0" tests="1" name="com.automationExercise.testCases.TC_025_ScrollUsingArrowKeyTest" time="5.751" errors="0" timestamp="2023-08-09T16:37:32 IST" skipped="0">
  <testcase classname="com.automationExercise.testCases.TC_025_ScrollUsingArrowKeyTest" name="verifyScrollUsingArrowKey" time="5.751"/>
</testsuite> <!-- com.automationExercise.testCases.TC_025_ScrollUsingArrowKeyTest -->
