<?xml version="1.0" encoding="UTF-8"?>
<!-- Generated by org.testng.reporters.JUnitReportReporter -->
<testsuite hostname="DESKTOP-T9G15NC" failures="0" tests="1" name="com.automationExercise.testCases.TC_026_ScrollWithoutArrowKeyTest" time="3.945" errors="0" timestamp="2023-08-09T16:37:32 IST" skipped="0">
  <testcase classname="com.automationExercise.testCases.TC_026_ScrollWithoutArrowKeyTest" name="verifyScrollWithoutArrowKey" time="3.945"/>
</testsuite> <!-- com.automationExercise.testCases.TC_026_ScrollWithoutArrowKeyTest -->
